{"C:\\Users\\Tom\\Desktop\\test\\Zen\\app.js": {"path":"C:\\Users\\Tom\\Desktop\\test\\Zen\\app.js","statementMap":{"0":{"start":{"line":1,"column":13},"end":{"line":1,"column":33}},"1":{"start":{"line":2,"column":7},"end":{"line":2,"column":37}},"2":{"start":{"line":3,"column":7},"end":{"line":3,"column":47}},"3":{"start":{"line":7,"column":4},"end":{"line":8,"column":49}},"4":{"start":{"line":8,"column":6},"end":{"line":8,"column":49}},"5":{"start":{"line":9,"column":4},"end":{"line":9,"column":22}},"6":{"start":{"line":10,"column":4},"end":{"line":10,"column":18}},"7":{"start":{"line":14,"column":17},"end":{"line":14,"column":19}},"8":{"start":{"line":15,"column":4},"end":{"line":25,"column":7}},"9":{"start":{"line":16,"column":6},"end":{"line":18,"column":7}},"10":{"start":{"line":17,"column":8},"end":{"line":17,"column":65}},"11":{"start":{"line":19,"column":6},"end":{"line":21,"column":7}},"12":{"start":{"line":20,"column":8},"end":{"line":20,"column":65}},"13":{"start":{"line":22,"column":6},"end":{"line":24,"column":7}},"14":{"start":{"line":23,"column":8},"end":{"line":23,"column":59}},"15":{"start":{"line":26,"column":4},"end":{"line":26,"column":24}},"16":{"start":{"line":27,"column":4},"end":{"line":27,"column":18}},"17":{"start":{"line":33,"column":0},"end":{"line":36,"column":2}}},"fnMap":{"0":{"name":"(anonymous_0)","decl":{"start":{"line":6,"column":2},"end":{"line":6,"column":3}},"loc":{"start":{"line":6,"column":15},"end":{"line":11,"column":3}},"line":6},"1":{"name":"(anonymous_1)","decl":{"start":{"line":13,"column":2},"end":{"line":13,"column":3}},"loc":{"start":{"line":13,"column":12},"end":{"line":28,"column":3}},"line":13},"2":{"name":"(anonymous_2)","decl":{"start":{"line":15,"column":16},"end":{"line":15,"column":17}},"loc":{"start":{"line":15,"column":26},"end":{"line":25,"column":5}},"line":15},"3":{"name":"(anonymous_3)","decl":{"start":{"line":30,"column":2},"end":{"line":30,"column":3}},"loc":{"start":{"line":30,"column":13},"end":{"line":30,"column":15}},"line":30}},"branchMap":{"0":{"loc":{"start":{"line":7,"column":4},"end":{"line":8,"column":49}},"type":"if","locations":[{"start":{"line":7,"column":4},"end":{"line":8,"column":49}},{"start":{"line":7,"column":4},"end":{"line":8,"column":49}}],"line":7},"1":{"loc":{"start":{"line":16,"column":6},"end":{"line":18,"column":7}},"type":"if","locations":[{"start":{"line":16,"column":6},"end":{"line":18,"column":7}},{"start":{"line":16,"column":6},"end":{"line":18,"column":7}}],"line":16},"2":{"loc":{"start":{"line":19,"column":6},"end":{"line":21,"column":7}},"type":"if","locations":[{"start":{"line":19,"column":6},"end":{"line":21,"column":7}},{"start":{"line":19,"column":6},"end":{"line":21,"column":7}}],"line":19},"3":{"loc":{"start":{"line":22,"column":6},"end":{"line":24,"column":7}},"type":"if","locations":[{"start":{"line":22,"column":6},"end":{"line":24,"column":7}},{"start":{"line":22,"column":6},"end":{"line":24,"column":7}}],"line":22}},"s":{"0":1,"1":1,"2":1,"3":4,"4":4,"5":0,"6":0,"7":1,"8":1,"9":3,"10":3,"11":3,"12":0,"13":3,"14":0,"15":1,"16":1,"17":1},"f":{"0":4,"1":1,"2":3,"3":1},"b":{"0":[4,0],"1":[3,0],"2":[0,3],"3":[0,3]},"_coverageSchema":"1a1c01bbd47fc00a2c39e90264f33305004495a9","hash":"d15c7a51a6fc47ea771206d822b60a365226bf9e"}
}
